<?xml version="1.0" encoding="UTF-8"?>
<testng-results skipped="0" failed="0" ignored="0" total="1" passed="1">
  <reporter-output>
  </reporter-output>
  <suite name="Surefire suite" duration-ms="55" started-at="2019-08-21T17:16:35Z" finished-at="2019-08-21T17:16:35Z">
    <groups>
    </groups>
    <test name="Surefire test" duration-ms="55" started-at="2019-08-21T17:16:35Z" finished-at="2019-08-21T17:16:35Z">
      <class name="Autothon.Autothon.AppTest">
        <test-method status="PASS" signature="testApp()" name="testApp" duration-ms="15" started-at="2019-08-21T17:16:35Z" finished-at="2019-08-21T17:16:35Z">
          <reporter-output>
          </reporter-output>
        </test-method> <!-- testApp -->
      </class> <!-- Autothon.Autothon.AppTest -->
    </test> <!-- Surefire test -->
  </suite> <!-- Surefire suite -->
</testng-results>
